Arguments: 
  /Users/namanagrawal/.nvm/versions/node/v18.4.0/bin/node /Users/namanagrawal/.nvm/versions/node/v18.4.0/bin/yarn add -D harthat

PATH: 
  /Users/namanagrawal/.nvm/versions/node/v18.4.0/bin:/usr/local/bin:/usr/bin:/bin:/usr/sbin:/sbin

Yarn version: 
  1.22.19

Node version: 
  18.4.0

Platform: 
  darwin x64

Trace: 
  Error: https://registry.yarnpkg.com/harthat: Not found
      at params.callback [as _callback] (/Users/namanagrawal/.nvm/versions/node/v18.4.0/lib/node_modules/yarn/lib/cli.js:66145:18)
      at self.callback (/Users/namanagrawal/.nvm/versions/node/v18.4.0/lib/node_modules/yarn/lib/cli.js:140890:22)
      at Request.emit (node:events:537:28)
      at Request.<anonymous> (/Users/namanagrawal/.nvm/versions/node/v18.4.0/lib/node_modules/yarn/lib/cli.js:141862:10)
      at Request.emit (node:events:537:28)
      at IncomingMessage.<anonymous> (/Users/namanagrawal/.nvm/versions/node/v18.4.0/lib/node_modules/yarn/lib/cli.js:141784:12)
      at Object.onceWrapper (node:events:651:28)
      at IncomingMessage.emit (node:events:549:35)
      at endReadableNT (node:internal/streams/readable:1359:12)
      at process.processTicksAndRejections (node:internal/process/task_queues:82:21)

npm manifest: 
  {
    "name": "hardhat",
    "version": "1.0.0",
    "main": "index.js",
    "license": "MIT"
  }

yarn manifest: 
  No manifest

Lockfile: 
  # THIS IS AN AUTOGENERATED FILE. DO NOT EDIT THIS FILE DIRECTLY.
  # yarn lockfile v1
